<?xml version="1.0" encoding="UTF-8"?>
<!-- Generated by org.testng.reporters.JUnitReportReporter -->
<testsuite hostname="DESKTOP-7BSILN1" failures="0" tests="1" name="AppiumFirstTest.Appium.AppiumGestures" time="6.550" errors="0" timestamp="2024-11-28T22:25:18 EET" skipped="0">
  <testcase classname="AppiumFirstTest.Appium.AppiumGestures" name="AppiumTestGestures" time="6.550"/>
</testsuite> <!-- AppiumFirstTest.Appium.AppiumGestures -->
