<?xml version="1.0" encoding="UTF-8"?>
<!-- Generated by org.testng.reporters.JUnitReportReporter -->
<testsuite hostname="DESKTOP-7BSILN1" failures="0" tests="1" name="GeneralStoreTests.ValidHomePageInfo" time="22.949" errors="0" timestamp="2024-12-07T23:59:05 EET" skipped="0">
  <testcase classname="GeneralStoreTests.ValidHomePageInfo" name="ValidHomePageDetails" time="22.949"/>
  <system-out/>
</testsuite> <!-- GeneralStoreTests.ValidHomePageInfo -->
