<?xml version="1.0" encoding="UTF-8"?>
<!-- Generated by org.testng.reporters.JUnitReportReporter -->
<testsuite hostname="DESKTOP-7BSILN1" failures="0" tests="1" name="AppiumFirstTest.Appium.AppiumBasics" time="5.991" errors="0" timestamp="2024-11-28T00:56:58 EET" skipped="0">
  <testcase classname="AppiumFirstTest.Appium.AppiumBasics" name="AppiumTest" time="5.991"/>
</testsuite> <!-- AppiumFirstTest.Appium.AppiumBasics -->
