<?xml version="1.0" encoding="UTF-8"?>
<!-- Generated by org.testng.reporters.JUnitReportReporter -->
<testsuite hostname="DESKTOP-7BSILN1" failures="0" tests="1" name="AppiumFirstTest.Appium.HomePage" time="24.214" errors="0" timestamp="2024-12-01T00:39:17 EET" skipped="0">
  <testcase classname="AppiumFirstTest.Appium.HomePage" name="HomePageTest" time="24.214"/>
  <system-out/>
</testsuite> <!-- AppiumFirstTest.Appium.HomePage -->
