<?xml version="1.0" encoding="UTF-8"?>
<!-- Generated by org.testng.reporters.JUnitReportReporter -->
<testsuite hostname="DESKTOP-7BSILN1" failures="0" tests="1" name="GeneralStoreTests.InValidHomePageInfo" time="20.630" errors="0" timestamp="2024-12-07T23:44:35 EET" skipped="0">
  <testcase classname="GeneralStoreTests.InValidHomePageInfo" name="InvalidHomePageDetails" time="20.630"/>
  <system-out/>
</testsuite> <!-- GeneralStoreTests.InValidHomePageInfo -->
