<?xml version="1.0" encoding="UTF-8"?>
<!-- Generated by org.testng.reporters.JUnitReportReporter -->
<testsuite hostname="DESKTOP-7BSILN1" failures="0" tests="1" name="AppiumFirstTest.Appium.ProductsPage" time="57.391" errors="0" timestamp="2024-12-03T06:31:22 EET" skipped="0">
  <testcase classname="AppiumFirstTest.Appium.ProductsPage" name="AddTwoItemsToCart" time="57.391"/>
  <system-out/>
</testsuite> <!-- AppiumFirstTest.Appium.ProductsPage -->
