<?xml version="1.0" encoding="UTF-8"?>
<!-- Generated by org.testng.reporters.JUnitReportReporter -->
<testsuite hostname="DESKTOP-7BSILN1" failures="0" tests="1" name="GeneralStoreTests.ProductsPage" time="57.278" errors="0" timestamp="2024-12-07T23:22:23 EET" skipped="0">
  <testcase classname="GeneralStoreTests.ProductsPage" name="AddTwoItemsToCart" time="57.278"/>
  <system-out/>
</testsuite> <!-- GeneralStoreTests.ProductsPage -->
