<?xml version="1.0" encoding="UTF-8"?>
<!-- Generated by org.testng.reporters.JUnitReportReporter -->
<testsuite hostname="DESKTOP-7BSILN1" failures="0" tests="1" name="AppiumFirstTest.Appium.AppiumTestDragAndDrop" time="4.041" errors="0" timestamp="2024-11-29T04:46:32 EET" skipped="0">
  <testcase classname="AppiumFirstTest.Appium.AppiumTestDragAndDrop" name="AppiumDragAndDrop" time="4.041"/>
</testsuite> <!-- AppiumFirstTest.Appium.AppiumTestDragAndDrop -->
