<?xml version="1.0" encoding="UTF-8"?>
<!-- Generated by org.testng.reporters.JUnitReportReporter -->
<testsuite hostname="DESKTOP-7BSILN1" failures="0" tests="1" name="AppiumFirstTest.Appium.AppiumTestSwipe" time="4.776" errors="0" timestamp="2024-11-28T23:10:17 EET" skipped="0">
  <testcase classname="AppiumFirstTest.Appium.AppiumTestSwipe" name="AppiumTestSwiping" time="4.776"/>
</testsuite> <!-- AppiumFirstTest.Appium.AppiumTestSwipe -->
