<?xml version="1.0" encoding="UTF-8"?>
<!-- Generated by org.testng.reporters.JUnitReportReporter -->
<testsuite hostname="DESKTOP-7BSILN1" failures="0" tests="1" name="AppiumFirstTest.Appium.InValidHomePageInfo" time="24.944" errors="0" timestamp="2024-12-01T04:25:45 EET" skipped="0">
  <testcase classname="AppiumFirstTest.Appium.InValidHomePageInfo" name="InvalidHomePageDetails" time="24.944"/>
  <system-out/>
</testsuite> <!-- AppiumFirstTest.Appium.InValidHomePageInfo -->
