<?xml version="1.0" encoding="UTF-8"?>
<!-- Generated by org.testng.reporters.JUnitReportReporter -->
<testsuite hostname="DESKTOP-7BSILN1" failures="0" tests="1" name="AppiumFirstTest.Appium.AppiumTestScroll" time="8.192" errors="0" timestamp="2024-11-28T23:13:34 EET" skipped="0">
  <testcase classname="AppiumFirstTest.Appium.AppiumTestScroll" name="AppiumTestScrolling" time="8.192"/>
</testsuite> <!-- AppiumFirstTest.Appium.AppiumTestScroll -->
